<?xml version="1.0" encoding="UTF-8"?>
<testsuite xmlns:xsi="http://www.w3.org/2001/XMLSchema-instance" xsi:noNamespaceSchemaLocation="https://maven.apache.org/surefire/maven-surefire-plugin/xsd/surefire-test-report.xsd" name="runner.SmokeRunner" time="14.554" tests="4" errors="4" skipped="0" failures="0">
  <properties>
[...]
</properties>
  <testcase name="Add new user #1" classname="Create new user" time="2.319">
    <error message="Cannot invoke &quot;com.talentlms.UI.pages.LoginPage.login(String)&quot; because &quot;this.loginPage&quot; is null" type="java.lang.NullPointerException">java.lang.NullPointerException: Cannot invoke "com.talentlms.UI.pages.LoginPage.login(String)" because "this.loginPage" is null
</error>
    <system-out><![CDATA[
@Regression
Scenario: Add new user               # src/main/resources/feature/AddNewUser.feature:8
  Given user on web                  # steps.AddNewUser.user_on_web()
      java.lang.NullPointerException: Cannot invoke "com.talentlms.UI.pages.LoginPage.login(String)" because "this.loginPage" is null
	at steps.AddNewUser.user_on_web(AddNewUser.java:14)
	at ✽.user on web(file:///Users/aidarka61/Downloads/TAF/src/main/resources/feature/AddNewUser.feature:4)

  When user click on add User button # steps.AddNewUser.user_click_on_add_user_button()
  Then user input fields             # steps.AddNewUser.user_input_fields()

    Embedding screenshot [image/png 18954 bytes]

]]></system-out>
    <system-err><![CDATA[SLF4J: Failed to load class "org.slf4j.impl.StaticLoggerBinder".
SLF4J: Defaulting to no-operation (NOP) logger implementation
SLF4J: See http://www.slf4j.org/codes.html#StaticLoggerBinder for further details.
Starting ChromeDriver 106.0.5249.61 (511755355844955cd3e264779baf0dd38212a4d0-refs/branch-heads/5249@{#569}) on port 54133
Only local connections are allowed.
Please see https://chromedriver.chromium.org/security-considerations for suggestions on keeping ChromeDriver safe.
ChromeDriver was started successfully.
Oct 06, 2022 10:05:31 PM org.openqa.selenium.remote.ProtocolHandshake createSession
INFO: Detected upstream dialect: W3C
Oct 06, 2022 10:05:31 PM org.openqa.selenium.devtools.CdpVersionFinder findNearestMatch
WARNING: Unable to find an exact match for CDP version 106, so returning the closest version found: 104
Oct 06, 2022 10:05:31 PM org.openqa.selenium.devtools.CdpVersionFinder findNearestMatch
INFO: Found CDP implementation for version 106 of 104
]]></system-err>
  </testcase>
  <testcase name="Add new user #2" classname="Create new user" time="1.451">
    <error message="Cannot invoke &quot;com.talentlms.UI.pages.LoginPage.login(String)&quot; because &quot;this.loginPage&quot; is null" type="java.lang.NullPointerException">java.lang.NullPointerException: Cannot invoke "com.talentlms.UI.pages.LoginPage.login(String)" because "this.loginPage" is null
</error>
    <system-out><![CDATA[
@Regression
Scenario: Add new user               # src/main/resources/feature/AddNewUser.feature:12
  Given user on web                  # steps.AddNewUser.user_on_web()
      java.lang.NullPointerException: Cannot invoke "com.talentlms.UI.pages.LoginPage.login(String)" because "this.loginPage" is null
	at steps.AddNewUser.user_on_web(AddNewUser.java:14)
	at ✽.user on web(file:///Users/aidarka61/Downloads/TAF/src/main/resources/feature/AddNewUser.feature:4)

  When user click on add User button # steps.AddNewUser.user_click_on_add_user_button()
  Then user input fields             # steps.AddNewUser.user_input_fields()

    Embedding screenshot [image/png 18954 bytes]

]]></system-out>
    <system-err><![CDATA[Starting ChromeDriver 106.0.5249.61 (511755355844955cd3e264779baf0dd38212a4d0-refs/branch-heads/5249@{#569}) on port 54582
Only local connections are allowed.
Please see https://chromedriver.chromium.org/security-considerations for suggestions on keeping ChromeDriver safe.
ChromeDriver was started successfully.
Oct 06, 2022 10:05:32 PM org.openqa.selenium.remote.ProtocolHandshake createSession
INFO: Detected upstream dialect: W3C
Oct 06, 2022 10:05:32 PM org.openqa.selenium.devtools.CdpVersionFinder findNearestMatch
WARNING: Unable to find an exact match for CDP version 106, so returning the closest version found: 104
Oct 06, 2022 10:05:32 PM org.openqa.selenium.devtools.CdpVersionFinder findNearestMatch
INFO: Found CDP implementation for version 106 of 104
]]></system-err>
  </testcase>
  <testcase name="Positive :Create new user" classname="Create new user functionality" time="4.579">
    <error message="Cannot invoke &quot;com.talentlms.UI.pages.LoginPage.inputUserNameOrEmail(String)&quot; because &quot;this.loginPage&quot; is null" type="java.lang.NullPointerException">java.lang.NullPointerException: Cannot invoke "com.talentlms.UI.pages.LoginPage.inputUserNameOrEmail(String)" because "this.loginPage" is null
</error>
    <system-out><![CDATA[
@Regression
Scenario: Positive :Create new user                         # src/main/resources/feature/CreateNewUser.feature:11
  Given Go to login page                                    # steps.LoginSteps.go_to_login_page()
  Given Enter "naka" in username or Email input field       # steps.LoginSteps.enter_in_username_or_email_input_field(java.lang.String)
      java.lang.NullPointerException: Cannot invoke "com.talentlms.UI.pages.LoginPage.inputUserNameOrEmail(String)" because "this.loginPage" is null
	at steps.LoginSteps.enter_in_username_or_email_input_field(LoginSteps.java:23)
	at ✽.Enter "naka" in username or Email input field(file:///Users/aidarka61/Downloads/TAF/src/main/resources/feature/CreateNewUser.feature:5)

  And Enter "nana&K81" in password input field              # steps.LoginSteps.enter_in_password_input_field(java.lang.String)
  When user click on login button                           # steps.LoginSteps.user_click_on_login_button()
  Then user should successfully logget in
  Given user shoud click Add user button in Admin Home page
  And verify following field names are displayed
    | First name | last name | Email adress | Username | Password | Bio | User type | Time zone | Language |
  And enter following data to create new user
    | firstName | lastName | emailAddress   | userName | Password   |
    | Elon      | Musk     | musl@tesla.com | elaon    | Very12345# |
    | Leo       | Messi    | mess@tmail.com | messi    | Mess12345# |

    Embedding screenshot [image/png 64017 bytes]

]]></system-out>
    <system-err><![CDATA[Starting ChromeDriver 106.0.5249.61 (511755355844955cd3e264779baf0dd38212a4d0-refs/branch-heads/5249@{#569}) on port 54302
Only local connections are allowed.
Please see https://chromedriver.chromium.org/security-considerations for suggestions on keeping ChromeDriver safe.
ChromeDriver was started successfully.
Oct 06, 2022 10:05:34 PM org.openqa.selenium.remote.ProtocolHandshake createSession
INFO: Detected upstream dialect: W3C
Oct 06, 2022 10:05:34 PM org.openqa.selenium.devtools.CdpVersionFinder findNearestMatch
WARNING: Unable to find an exact match for CDP version 106, so returning the closest version found: 104
Oct 06, 2022 10:05:34 PM org.openqa.selenium.devtools.CdpVersionFinder findNearestMatch
INFO: Found CDP implementation for version 106 of 104
]]></system-err>
  </testcase>
  <testcase name="Positive: Login with valid credential as Admin" classname="Login functionality" time="3.883">
    <error message="Cannot invoke &quot;com.talentlms.UI.pages.LoginPage.inputUserNameOrEmail(String)&quot; because &quot;this.loginPage&quot; is null" type="java.lang.NullPointerException">java.lang.NullPointerException: Cannot invoke "com.talentlms.UI.pages.LoginPage.inputUserNameOrEmail(String)" because "this.loginPage" is null
</error>
    <system-out><![CDATA[
@Regression
Scenario: Positive: Login with valid credential as Admin # src/main/resources/feature/Login.feature:7
  Given Go to login page                                 # steps.LoginSteps.go_to_login_page()
  Given Enter "naka" in username or Email input field    # steps.LoginSteps.enter_in_username_or_email_input_field(java.lang.String)
      java.lang.NullPointerException: Cannot invoke "com.talentlms.UI.pages.LoginPage.inputUserNameOrEmail(String)" because "this.loginPage" is null
	at steps.LoginSteps.enter_in_username_or_email_input_field(LoginSteps.java:23)
	at ✽.Enter "naka" in username or Email input field(file:///Users/aidarka61/Downloads/TAF/src/main/resources/feature/Login.feature:8)

  And Enter "nana&K81" in password input field           # steps.LoginSteps.enter_in_password_input_field(java.lang.String)
  When user click on login button                        # steps.LoginSteps.user_click_on_login_button()
  Then user should successfully logged in                # steps.LoginSteps.user_should_successfully_logged_in()

    Embedding screenshot [image/png 64188 bytes]

]]></system-out>
    <system-err><![CDATA[Starting ChromeDriver 106.0.5249.61 (511755355844955cd3e264779baf0dd38212a4d0-refs/branch-heads/5249@{#569}) on port 65399
Only local connections are allowed.
Please see https://chromedriver.chromium.org/security-considerations for suggestions on keeping ChromeDriver safe.
ChromeDriver was started successfully.
Oct 06, 2022 10:05:38 PM org.openqa.selenium.remote.ProtocolHandshake createSession
INFO: Detected upstream dialect: W3C
Oct 06, 2022 10:05:38 PM org.openqa.selenium.devtools.CdpVersionFinder findNearestMatch
WARNING: Unable to find an exact match for CDP version 106, so returning the closest version found: 104
Oct 06, 2022 10:05:38 PM org.openqa.selenium.devtools.CdpVersionFinder findNearestMatch
INFO: Found CDP implementation for version 106 of 104
]]></system-err>
  </testcase>
</testsuite>